<?xml version="1.0" encoding="UTF-8"?>
<testsuite xmlns:xsi="http://www.w3.org/2001/XMLSchema-instance" xsi:noNamespaceSchemaLocation="https://maven.apache.org/surefire/maven-surefire-plugin/xsd/surefire-test-report.xsd" name="us.pserver.tools.io.test.TestBitBuffersPerformance" time="0.417" tests="20" errors="0" skipped="0" failures="0">
  <properties>
[...]
</properties>
  <testcase name="test_direct_DynamicBuffer_performance[1]" classname="us.pserver.tools.io.test.TestBitBuffersPerformance" time="0.067"/>
  <testcase name="test_direct_DynamicBuffer_performance[2]" classname="us.pserver.tools.io.test.TestBitBuffersPerformance" time="0.005"/>
  <testcase name="test_direct_DynamicBuffer_performance[3]" classname="us.pserver.tools.io.test.TestBitBuffersPerformance" time="0.005"/>
  <testcase name="test_direct_DynamicBuffer_performance[4]" classname="us.pserver.tools.io.test.TestBitBuffersPerformance" time="0.003"/>
  <testcase name="test_direct_DynamicBuffer_performance[5]" classname="us.pserver.tools.io.test.TestBitBuffersPerformance" time="0.004"/>
  <testcase name="test_heap_MultiBuffer1_performance[1]" classname="us.pserver.tools.io.test.TestBitBuffersPerformance" time="0.03"/>
  <testcase name="test_heap_MultiBuffer1_performance[2]" classname="us.pserver.tools.io.test.TestBitBuffersPerformance" time="0.007"/>
  <testcase name="test_heap_MultiBuffer1_performance[3]" classname="us.pserver.tools.io.test.TestBitBuffersPerformance" time="0.008"/>
  <testcase name="test_heap_MultiBuffer1_performance[4]" classname="us.pserver.tools.io.test.TestBitBuffersPerformance" time="0.007"/>
  <testcase name="test_heap_MultiBuffer1_performance[5]" classname="us.pserver.tools.io.test.TestBitBuffersPerformance" time="0.007"/>
  <testcase name="test_heap_DynamicBuffer_performance[1]" classname="us.pserver.tools.io.test.TestBitBuffersPerformance" time="0.019"/>
  <testcase name="test_heap_DynamicBuffer_performance[2]" classname="us.pserver.tools.io.test.TestBitBuffersPerformance" time="0.006"/>
  <testcase name="test_heap_DynamicBuffer_performance[3]" classname="us.pserver.tools.io.test.TestBitBuffersPerformance" time="0.012"/>
  <testcase name="test_heap_DynamicBuffer_performance[4]" classname="us.pserver.tools.io.test.TestBitBuffersPerformance" time="0.007"/>
  <testcase name="test_heap_DynamicBuffer_performance[5]" classname="us.pserver.tools.io.test.TestBitBuffersPerformance" time="0.003"/>
  <testcase name="test_direct_MultiBuffer1_performance[1]" classname="us.pserver.tools.io.test.TestBitBuffersPerformance" time="0.033"/>
  <testcase name="test_direct_MultiBuffer1_performance[2]" classname="us.pserver.tools.io.test.TestBitBuffersPerformance" time="0.019"/>
  <testcase name="test_direct_MultiBuffer1_performance[3]" classname="us.pserver.tools.io.test.TestBitBuffersPerformance" time="0.022"/>
  <testcase name="test_direct_MultiBuffer1_performance[4]" classname="us.pserver.tools.io.test.TestBitBuffersPerformance" time="0.026"/>
  <testcase name="test_direct_MultiBuffer1_performance[5]" classname="us.pserver.tools.io.test.TestBitBuffersPerformance" time="0.026"/>
</testsuite>