<?xml version="1.0" encoding="UTF-8"?>
<testsuite xmlns:xsi="http://www.w3.org/2001/XMLSchema-instance" xsi:noNamespaceSchemaLocation="https://maven.apache.org/surefire/maven-surefire-plugin/xsd/surefire-test-report.xsd" name="us.pserver.tools.io.test.TestBitBuffersPerformance" time="0.797" tests="20" errors="0" skipped="0" failures="0">
  <properties>
[...]
</properties>
  <testcase name="test_direct_DynamicBuffer_performance[1]" classname="us.pserver.tools.io.test.TestBitBuffersPerformance" time="0.118"/>
  <testcase name="test_direct_DynamicBuffer_performance[2]" classname="us.pserver.tools.io.test.TestBitBuffersPerformance" time="0.046"/>
  <testcase name="test_direct_DynamicBuffer_performance[3]" classname="us.pserver.tools.io.test.TestBitBuffersPerformance" time="0.032"/>
  <testcase name="test_direct_DynamicBuffer_performance[4]" classname="us.pserver.tools.io.test.TestBitBuffersPerformance" time="0.03"/>
  <testcase name="test_direct_DynamicBuffer_performance[5]" classname="us.pserver.tools.io.test.TestBitBuffersPerformance" time="0.014"/>
  <testcase name="test_heap_MultiBuffer1_performance[1]" classname="us.pserver.tools.io.test.TestBitBuffersPerformance" time="0.038"/>
  <testcase name="test_heap_MultiBuffer1_performance[2]" classname="us.pserver.tools.io.test.TestBitBuffersPerformance" time="0.019"/>
  <testcase name="test_heap_MultiBuffer1_performance[3]" classname="us.pserver.tools.io.test.TestBitBuffersPerformance" time="0.045"/>
  <testcase name="test_heap_MultiBuffer1_performance[4]" classname="us.pserver.tools.io.test.TestBitBuffersPerformance" time="0.017"/>
  <testcase name="test_heap_MultiBuffer1_performance[5]" classname="us.pserver.tools.io.test.TestBitBuffersPerformance" time="0.017"/>
  <testcase name="test_heap_DynamicBuffer_performance[1]" classname="us.pserver.tools.io.test.TestBitBuffersPerformance" time="0.042"/>
  <testcase name="test_heap_DynamicBuffer_performance[2]" classname="us.pserver.tools.io.test.TestBitBuffersPerformance" time="0.017"/>
  <testcase name="test_heap_DynamicBuffer_performance[3]" classname="us.pserver.tools.io.test.TestBitBuffersPerformance" time="0.013"/>
  <testcase name="test_heap_DynamicBuffer_performance[4]" classname="us.pserver.tools.io.test.TestBitBuffersPerformance" time="0.016"/>
  <testcase name="test_heap_DynamicBuffer_performance[5]" classname="us.pserver.tools.io.test.TestBitBuffersPerformance" time="0.079"/>
  <testcase name="test_direct_MultiBuffer1_performance[1]" classname="us.pserver.tools.io.test.TestBitBuffersPerformance" time="0.038"/>
  <testcase name="test_direct_MultiBuffer1_performance[2]" classname="us.pserver.tools.io.test.TestBitBuffersPerformance" time="0.035"/>
  <testcase name="test_direct_MultiBuffer1_performance[3]" classname="us.pserver.tools.io.test.TestBitBuffersPerformance" time="0.047"/>
  <testcase name="test_direct_MultiBuffer1_performance[4]" classname="us.pserver.tools.io.test.TestBitBuffersPerformance" time="0.04"/>
  <testcase name="test_direct_MultiBuffer1_performance[5]" classname="us.pserver.tools.io.test.TestBitBuffersPerformance" time="0.037"/>
</testsuite>