<?xml version="1.0" encoding="UTF-8"?>
<testsuite xmlns:xsi="http://www.w3.org/2001/XMLSchema-instance" xsi:noNamespaceSchemaLocation="https://maven.apache.org/surefire/maven-surefire-plugin/xsd/surefire-test-report.xsd" name="us.pserver.tools.match.test.TestMatch" time="0.097" tests="4" errors="0" skipped="0" failures="0">
  <properties>
[...]
</properties>
  <testcase name="matchEmptyOnStringEmpty" classname="us.pserver.tools.match.test.TestMatch" time="0.047"/>
  <testcase name="matchNotEmptyGetOrFail" classname="us.pserver.tools.match.test.TestMatch" time="0.006"/>
  <testcase name="matchEmptyOnStringNull" classname="us.pserver.tools.match.test.TestMatch" time="0.002"/>
  <testcase name="matchNullOnStringNull" classname="us.pserver.tools.match.test.TestMatch" time="0.002"/>
</testsuite>